0 info it worked if it ends with ok
1 verbose cli [ 'C:\\Program Files\\nodejs\\node.exe',
1 verbose cli   'C:\\Program Files\\nodejs\\node_modules\\npm\\bin\\npm-cli.js',
1 verbose cli   'publish' ]
2 info using npm@3.10.8
3 info using node@v6.9.1
4 verbose publish [ '.' ]
5 silly cache add args [ '.', null ]
6 verbose cache add spec .
7 silly cache add parsed spec Result {
7 silly cache add   raw: '.',
7 silly cache add   scope: null,
7 silly cache add   escapedName: null,
7 silly cache add   name: null,
7 silly cache add   rawSpec: '.',
7 silly cache add   spec: 'C:\\xampp\\htdocs\\js-helpers',
7 silly cache add   type: 'directory' }
8 verbose addLocalDirectory C:\Users\amitm\AppData\Roaming\npm-cache\js-helpers\1.0.0\package.tgz not in flight; packing
9 verbose correctMkdir C:\Users\amitm\AppData\Roaming\npm-cache correctMkdir not in flight; initializing
10 info lifecycle js-helpers@1.0.0~prepublish: js-helpers@1.0.0
11 silly lifecycle js-helpers@1.0.0~prepublish: no script for prepublish, continuing
12 verbose tar pack [ 'C:\\Users\\amitm\\AppData\\Roaming\\npm-cache\\js-helpers\\1.0.0\\package.tgz',
12 verbose tar pack   'C:\\xampp\\htdocs\\js-helpers' ]
13 verbose tarball C:\Users\amitm\AppData\Roaming\npm-cache\js-helpers\1.0.0\package.tgz
14 verbose folder C:\xampp\htdocs\js-helpers
15 verbose addLocalTarball adding from inside cache C:\Users\amitm\AppData\Roaming\npm-cache\js-helpers\1.0.0\package.tgz
16 verbose correctMkdir C:\Users\amitm\AppData\Roaming\npm-cache correctMkdir not in flight; initializing
17 silly cache afterAdd js-helpers@1.0.0
18 verbose afterAdd C:\Users\amitm\AppData\Roaming\npm-cache\js-helpers\1.0.0\package\package.json not in flight; writing
19 verbose correctMkdir C:\Users\amitm\AppData\Roaming\npm-cache correctMkdir not in flight; initializing
20 verbose afterAdd C:\Users\amitm\AppData\Roaming\npm-cache\js-helpers\1.0.0\package\package.json written
21 silly publish { name: 'js-helpers',
21 silly publish   version: '1.0.0',
21 silly publish   description: 'A JS helpers for arrays & objects',
21 silly publish   main: 'index.js',
21 silly publish   scripts: { test: 'echo "Error: no test specified" && exit 1' },
21 silly publish   repository:
21 silly publish    { type: 'git',
21 silly publish      url: 'git+https://github.com/AmitMY/js-helpers.git' },
21 silly publish   keywords: [ 'js-helpers', 'array', 'object', 'object.values' ],
21 silly publish   author: { name: 'AmitMY' },
21 silly publish   license: 'MIT',
21 silly publish   bugs: { url: 'https://github.com/AmitMY/js-helpers/issues' },
21 silly publish   homepage: 'https://github.com/AmitMY/js-helpers#readme',
21 silly publish   readme: '# js-helpers\nImportant although missing Javascript prototypes\n\n## How to use?\n- Install: `npm install --save js-helpers`\n- Include the repo:\n    - ES6: `import JSHelpers from "js-helpers"`\n    - ES5: `var JSHelpers = require("js-helpers")`\n- Execute the prototypes:\n    - `JSHelpers.all()` will add all prototypes\n    - `JSHelpers.array()` will add all array prototypes\n    - `JSHelpers.object()` will add all object prototypes\n    \n## Available prototypes\nType|Name|Description\n----|----|-----------\nArray|shuffle()|Shuffles an array\nArray|top()|Top of the array, without popping\nArray|unique()|Returns an array of unique values, with no order changes\nObject|size(obj)|How many properties does an object have\nObject|clone(obj)|Value level cloning of non-circular objects\nObject|values(obj|Converts an object to an array of values. Proposed for ES7\nObject|forEach(obj, callback(value, key))|Loops through an object, and executes a callback',
21 silly publish   readmeFilename: 'README.md',
21 silly publish   gitHead: '2f174401447b7b57431415c33a01db82e1329f64',
21 silly publish   _id: 'js-helpers@1.0.0',
21 silly publish   _shasum: '49fa5aacfeaa5a65118f6353bd4ff4c3cbce8390',
21 silly publish   _from: '.' }
22 verbose getPublishConfig undefined
23 silly mapToRegistry name js-helpers
24 silly mapToRegistry using default registry
25 silly mapToRegistry registry https://registry.npmjs.org/
26 silly mapToRegistry data Result {
26 silly mapToRegistry   raw: 'js-helpers',
26 silly mapToRegistry   scope: null,
26 silly mapToRegistry   escapedName: 'js-helpers',
26 silly mapToRegistry   name: 'js-helpers',
26 silly mapToRegistry   rawSpec: '',
26 silly mapToRegistry   spec: 'latest',
26 silly mapToRegistry   type: 'tag' }
27 silly mapToRegistry uri https://registry.npmjs.org/js-helpers
28 verbose publish registryBase https://registry.npmjs.org/
29 silly publish uploading C:\Users\amitm\AppData\Roaming\npm-cache\js-helpers\1.0.0\package.tgz
30 verbose request uri https://registry.npmjs.org/js-helpers
31 verbose request sending authorization for write operation
32 info attempt registry request try #1 at 1:00:17 PM
33 verbose request using bearer token for auth
34 verbose request id 63ef9ac839d142e9
35 http request PUT https://registry.npmjs.org/js-helpers
36 http 403 https://registry.npmjs.org/js-helpers
37 verbose headers { 'content-type': 'application/json',
37 verbose headers   'cache-control': 'max-age=300',
37 verbose headers   'content-length': '104',
37 verbose headers   'accept-ranges': 'bytes',
37 verbose headers   date: 'Fri, 30 Dec 2016 11:01:52 GMT',
37 verbose headers   via: '1.1 varnish',
37 verbose headers   connection: 'keep-alive',
37 verbose headers   'x-served-by': 'cache-hhn1538-HHN',
37 verbose headers   'x-cache': 'MISS',
37 verbose headers   'x-cache-hits': '0',
37 verbose headers   'x-timer': 'S1483095712.233503,VS0,VE380',
37 verbose headers   vary: 'Accept-Encoding' }
38 verbose request invalidating C:\Users\amitm\AppData\Roaming\npm-cache\registry.npmjs.org\js-helpers on PUT
39 error publish Failed PUT 403
40 verbose stack Error: you do not have permission to publish "js-helpers". Are you logged in as the correct user? : js-helpers
40 verbose stack     at makeError (C:\Program Files\nodejs\node_modules\npm\node_modules\npm-registry-client\lib\request.js:302:12)
40 verbose stack     at CachingRegistryClient.<anonymous> (C:\Program Files\nodejs\node_modules\npm\node_modules\npm-registry-client\lib\request.js:290:14)
40 verbose stack     at Request._callback (C:\Program Files\nodejs\node_modules\npm\node_modules\npm-registry-client\lib\request.js:210:14)
40 verbose stack     at Request.self.callback (C:\Program Files\nodejs\node_modules\npm\node_modules\request\request.js:187:22)
40 verbose stack     at emitTwo (events.js:106:13)
40 verbose stack     at Request.emit (events.js:191:7)
40 verbose stack     at Request.<anonymous> (C:\Program Files\nodejs\node_modules\npm\node_modules\request\request.js:1044:10)
40 verbose stack     at emitOne (events.js:96:13)
40 verbose stack     at Request.emit (events.js:188:7)
40 verbose stack     at IncomingMessage.<anonymous> (C:\Program Files\nodejs\node_modules\npm\node_modules\request\request.js:965:12)
41 verbose statusCode 403
42 verbose pkgid js-helpers
43 verbose cwd C:\xampp\htdocs\js-helpers
44 error Windows_NT 10.0.14393
45 error argv "C:\\Program Files\\nodejs\\node.exe" "C:\\Program Files\\nodejs\\node_modules\\npm\\bin\\npm-cli.js" "publish"
46 error node v6.9.1
47 error npm  v3.10.8
48 error code E403
49 error you do not have permission to publish "js-helpers". Are you logged in as the correct user? : js-helpers
50 error If you need help, you may report this error at:
50 error     <https://github.com/npm/npm/issues>
51 verbose exit [ 1, true ]
